<?xml version="1.0" encoding="UTF-8"?>
<!-- Generated by org.testng.reporters.JUnitReportReporter -->
<testsuite skipped="0" hostname="Device_Wang" name="com.xinghai.testcase.TestCase" tests="4" failures="0" timestamp="2019-02-26T23:05:41 CST" time="1.214" errors="0">
  <testcase name="querySub1Test" time="0.007" classname="com.xinghai.testcase.TestCase"/>
  <testcase name="loginTest" time="1.192" classname="com.xinghai.testcase.TestCase"/>
  <testcase name="querySub2Test" time="0.007" classname="com.xinghai.testcase.TestCase"/>
  <testcase name="checkCookieTest" time="0.008" classname="com.xinghai.testcase.TestCase"/>
</testsuite> <!-- com.xinghai.testcase.TestCase -->
